#
# A fatal error has been detected by the Java Runtime Environment:
#
#  Internal Error (javaClasses.cpp:126), pid=11176, tid=3188
#  fatal error: Invalid layout of preloaded class
#
# JRE version:  (8.0_20-b26) (build )
# Java VM: Java HotSpot(TM) 64-Bit Server VM (25.20-b23 mixed mode windows-amd64 compressed oops)
# Failed to write core dump. Minidumps are not enabled by default on client versions of Windows
#
# If you would like to submit a bug report, please visit:
#   http://bugreport.sun.com/bugreport/crash.jsp
#

---------------  T H R E A D  ---------------

Current thread (0x0000000001f50800):  JavaThread "Unknown thread" [_thread_in_vm, id=3188, stack(0x0000000001de0000,0x0000000001ee0000)]

Stack: [0x0000000001de0000,0x0000000001ee0000]
Native frames: (J=compiled Java code, j=interpreted, Vv=VM code, C=native code)
V  [jvm.dll+0x3152fa]
V  [jvm.dll+0x265d03]
V  [jvm.dll+0x266943]
V  [jvm.dll+0x25e1e6]
V  [jvm.dll+0x5e64c]
V  [jvm.dll+0x5e743]
V  [jvm.dll+0x7316a]
V  [jvm.dll+0x734c8]
V  [jvm.dll+0xe3937]
V  [jvm.dll+0xe3cc6]
V  [jvm.dll+0x1f89d7]
V  [jvm.dll+0x229fc4]
V  [jvm.dll+0x14c6f1]
C  [javaw.exe+0x20c6]
C  [javaw.exe+0xc9eb]
C  [javaw.exe+0xca7f]
C  [KERNEL32.DLL+0x16ad]
C  [ntdll.dll+0x54409]


---------------  P R O C E S S  ---------------

Java Threads: ( => current thread )

Other Threads:

=>0x0000000001f50800 (exited) JavaThread "Unknown thread" [_thread_in_vm, id=3188, stack(0x0000000001de0000,0x0000000001ee0000)]

VM state:not at safepoint (not fully initialized)

VM Mutex/Monitor currently owned by a thread: None

GC Heap History (0 events):
No events

Deoptimization events (0 events):
No events

Internal exceptions (0 events):
No events

Events (10 events):
Event: 0.503 loading class java/lang/CharSequence done
Event: 0.503 loading class java/lang/String done
Event: 0.503 loading class java/lang/Class
Event: 0.503 loading class java/lang/reflect/AnnotatedElement
Event: 0.503 loading class java/lang/reflect/AnnotatedElement done
Event: 0.503 loading class java/lang/reflect/GenericDeclaration
Event: 0.503 loading class java/lang/reflect/GenericDeclaration done
Event: 0.503 loading class java/lang/reflect/Type
Event: 0.503 loading class java/lang/reflect/Type done
Event: 0.503 loading class java/lang/Class done


Dynamic libraries:
0x00007ff789120000 - 0x00007ff789154000 	F:\Windows\Programs\Java\bin\javaw.exe
0x00007ffa5e060000 - 0x00007ffa5e206000 	C:\Windows\SYSTEM32\ntdll.dll
0x00007ffa5d0a0000 - 0x00007ffa5d1da000 	C:\Windows\system32\KERNEL32.DLL
0x00007ffa5b4f0000 - 0x00007ffa5b5ff000 	C:\Windows\system32\KERNELBASE.dll
0x00007ffa59bc0000 - 0x00007ffa59c48000 	C:\Windows\system32\apphelp.dll
0x00007ffa3d780000 - 0x00007ffa3d7cf000 	C:\Windows\AppPatch\AppPatch64\AcGenral.DLL
0x00007ffa5d7a0000 - 0x00007ffa5d847000 	C:\Windows\system32\msvcrt.dll
0x00007ffa5b210000 - 0x00007ffa5b23b000 	C:\Windows\SYSTEM32\SspiCli.dll
0x00007ffa5d6e0000 - 0x00007ffa5d731000 	C:\Windows\system32\SHLWAPI.dll
0x00007ffa5d490000 - 0x00007ffa5d601000 	C:\Windows\system32\USER32.dll
0x00007ffa5d9b0000 - 0x00007ffa5db28000 	C:\Windows\system32\ole32.dll
0x00007ffa5ba80000 - 0x00007ffa5ce8f000 	C:\Windows\system32\SHELL32.dll
0x00007ffa5a620000 - 0x00007ffa5a63e000 	C:\Windows\SYSTEM32\USERENV.dll
0x00007ffa5ddc0000 - 0x00007ffa5de65000 	C:\Windows\system32\ADVAPI32.dll
0x00007ffa4f7b0000 - 0x00007ffa4f7cb000 	C:\Windows\SYSTEM32\MPR.dll
0x00007ffa5b8e0000 - 0x00007ffa5ba17000 	C:\Windows\system32\RPCRT4.dll
0x00007ffa5d740000 - 0x00007ffa5d797000 	C:\Windows\SYSTEM32\sechost.dll
0x00007ffa5dbe0000 - 0x00007ffa5ddb6000 	C:\Windows\SYSTEM32\combase.dll
0x00007ffa5d850000 - 0x00007ffa5d994000 	C:\Windows\system32\GDI32.dll
0x00007ffa5b3d0000 - 0x00007ffa5b3e4000 	C:\Windows\SYSTEM32\profapi.dll
0x00007ffa5abb0000 - 0x00007ffa5ac4f000 	C:\Windows\SYSTEM32\SHCORE.dll
0x00007ffa5ba20000 - 0x00007ffa5ba54000 	C:\Windows\system32\IMM32.DLL
0x00007ffa5ce90000 - 0x00007ffa5cfc9000 	C:\Windows\system32\MSCTF.dll
0x00007ffa5af10000 - 0x00007ffa5b16a000 	C:\Windows\WinSxS\amd64_microsoft.windows.common-controls_6595b64144ccf1df_6.0.9600.17031_none_6242a4b3ecbb55a1\COMCTL32.dll
0x000000005e0e0000 - 0x000000005e1b2000 	F:\Windows\Programs\Java\bin\msvcr100.dll
0x000000005bdd0000 - 0x000000005c628000 	F:\Windows\Programs\Java\bin\server\jvm.dll
0x00007ffa500b0000 - 0x00007ffa500b9000 	C:\Windows\SYSTEM32\WSOCK32.dll
0x00007ffa57140000 - 0x00007ffa5715f000 	C:\Windows\SYSTEM32\WINMM.dll
0x00007ffa5d9a0000 - 0x00007ffa5d9a7000 	C:\Windows\system32\PSAPI.DLL
0x00007ffa5d030000 - 0x00007ffa5d088000 	C:\Windows\system32\WS2_32.dll
0x00007ffa57100000 - 0x00007ffa5712a000 	C:\Windows\SYSTEM32\WINMMBASE.dll
0x00007ffa5db30000 - 0x00007ffa5db39000 	C:\Windows\system32\NSI.dll
0x00007ffa5b600000 - 0x00007ffa5b64a000 	C:\Windows\SYSTEM32\cfgmgr32.dll
0x00007ffa59e20000 - 0x00007ffa59e46000 	C:\Windows\SYSTEM32\DEVOBJ.dll
0x000000005e0d0000 - 0x000000005e0df000 	F:\Windows\Programs\Java\bin\verify.dll
0x000000005e0a0000 - 0x000000005e0c8000 	F:\Windows\Programs\Java\bin\java.dll
0x000000005e080000 - 0x000000005e096000 	F:\Windows\Programs\Java\bin\zip.dll
0x00007ffa52110000 - 0x00007ffa52298000 	C:\Windows\SYSTEM32\dbghelp.dll

VM Arguments:
jvm_args: -ea -Dfile.encoding=Cp1252 -Xbootclasspath:F:\Windows\Documents\adt-bundle-windows-x86_64-20140702\sdk\platforms\android-17\android.jar 
java_command: org.eclipse.jdt.internal.junit.runner.RemoteTestRunner -version 3 -port 61804 -testLoaderClass org.eclipse.jdt.internal.junit.runner.junit3.JUnit3TestLoader -loaderpluginname org.eclipse.jdt.junit.runtime -classNames com.tjcolmmatt.tic.tests.GameScreenTests
java_class_path (initial): F:\Windows\Documents\Tic\bin\classes;F:\Windows\Documents\Tic\libs\android-support-v4.jar;F:\Windows\Documents\adt-bundle-windows-x86_64-20140702\sdk\extras\android\support\v7\appcompat\libs\android-support-v7-appcompat.jar;F:\Windows\workspace\Sofia-Support\libs\student.jar;F:\Windows\workspace\Sofia-Support\libs\sofia-with-dependencies.jar;F:\Windows\workspace\Sofia-Support\bin\sofia-support.jar;F:\Windows\Documents\adt-bundle-windows-x86_64-20140702\sdk\extras\android\support\v7\appcompat\bin\android-support-v7-appcompat.jar;/F:/Windows/Documents/adt-bundle-windows-x86_64-20140702/eclipse/configuration/org.eclipse.osgi/bundles/186/1/.cp/
Launcher Type: SUN_STANDARD

Environment Variables:
CLASSPATH=.;F:\Windows\Programs\QTSystem\QTJava.zip
PATH=C:\ProgramData\Oracle\Java\javapath;C:\Program Files (x86)\NVIDIA Corporation\PhysX\Common;C:\Program Files (x86)\Intel\iCLS Client\;C:\Program Files\Intel\iCLS Client\;C:\Windows\system32;C:\Windows;C:\Windows\System32\Wbem;C:\Windows\System32\WindowsPowerShell\v1.0\;C:\Program Files\Intel\Intel(R) Management Engine Components\DAL;C:\Program Files (x86)\Intel\Intel(R) Management Engine Components\DAL;C:\Program Files\Intel\Intel(R) Management Engine Components\IPT;C:\Program Files (x86)\Intel\Intel(R) Management Engine Components\IPT;F:\Windows\Programs\QTSystem\;F:\Windows\Programs\MatLab\bin
USERNAME=Colm
OS=Windows_NT
PROCESSOR_IDENTIFIER=Intel64 Family 6 Model 60 Stepping 3, GenuineIntel



---------------  S Y S T E M  ---------------

OS: Windows 8.1 , 64 bit Build 9600 

CPU:total 4 (4 cores per cpu, 1 threads per core) family 6 model 60 stepping 3, cmov, cx8, fxsr, mmx, sse, sse2, sse3, ssse3, sse4.1, sse4.2, popcnt, avx, avx2, aes, clmul, erms, rtm, lzcnt, tsc, tscinvbit, bmi1, bmi2

Memory: 4k page, physical 8167256k(2867000k free), swap 12345176k(1982100k free)

vm_info: Java HotSpot(TM) 64-Bit Server VM (25.20-b23) for windows-amd64 JRE (1.8.0_20-b26), built on Jul 30 2014 13:51:23 by "java_re" with MS VC++ 10.0 (VS2010)

time: Mon Dec 01 02:23:14 2014
elapsed time: 0 seconds (0d 0h 0m 0s)

